notation-kosanku-android/app/build/outputs/logs/manifest-merger-debug-report.txt
-- Merging decision tree log ---
manifest
ADDED from src/main/AndroidManifest.xml:2:1-62:12
INJECTED from src/main/AndroidManifest.xml:2:1-62:12
INJECTED from src/main/AndroidManifest.xml:2:1-62:12
INJECTED from src/main/AndroidManifest.xml:2:1-62:12
MERGED from [com.google.firebase:firebase-core:11.6.0] AndroidManifest.xml:2:1-6:12
MERGED from [com.midtrans:uikit:1.17.1-SANDBOX] AndroidManifest.xml:2:1-252:12
MERGED from [gun0912.ted:tedbottompicker:1.1.0] AndroidManifest.xml:2:1-25:12
MERGED from [com.github.stfalcon:smsverifycatcher:0.3.1] AndroidManifest.xml:2:1-17:12
MERGED from [com.midtrans:corekit:1.17.1-SANDBOX] AndroidManifest.xml:2:1-19:12
MERGED from [com.midtrans:analytics:1.3.7-SANDBOX] AndroidManifest.xml:2:1-17:12
MERGED from [com.android.support:design:27.0.2] AndroidManifest.xml:17:1-22:12
MERGED from [com.android.support:appcompat-v7:27.0.2] AndroidManifest.xml:17:1-22:12
MERGED from [com.google.firebase:firebase-auth:11.6.0] AndroidManifest.xml:16:1-21:12
MERGED from [com.google.firebase:firebase-analytics:11.6.0] AndroidManifest.xml:16:1-35:12
MERGED from [com.google.android.gms:play-services-base:11.6.0] AndroidManifest.xml:16:1-21:12
MERGED from [com.google.firebase:firebase-analytics-impl:11.6.0] AndroidManifest.xml:16:1-29:12
MERGED from [com.google.firebase:firebase-iid:11.6.0] AndroidManifest.xml:16:1-47:12
MERGED from [com.google.firebase:firebase-common:11.6.0] AndroidManifest.xml:2:1-8:12
MERGED from [com.google.android.gms:play-services-tasks:11.6.0] AndroidManifest.xml:2:1-5:12
MERGED from [com.google.android.gms:play-services-basement:11.6.0] AndroidManifest.xml:16:1-23:12
MERGED from [com.journeyapps:zxing-android-embedded:3.6.0] AndroidManifest.xml:17:1-56:12
MERGED from [com.android.support:support-v4:27.0.2] AndroidManifest.xml:17:1-22:12
MERGED from [com.android.support:cardview-v7:27.0.2] AndroidManifest.xml:17:1-22:12
MERGED from [com.android.support.constraint:constraint-layout:1.1.0] AndroidManifest.xml:2:1-11:12
MERGED from [com.android.support:recyclerview-v7:27.0.2] AndroidManifest.xml:17:1-22:12
MERGED from [ru.rambler.android:swipe-layout:1.0.14] AndroidManifest.xml:2:1-16:12
MERGED from [com.android.support:support-fragment:27.0.2] AndroidManifest.xml:17:1-22:12
MERGED from [com.android.support:animated-vector-drawable:27.0.2] AndroidManifest.xml:17:1-22:12
MERGED from [com.android.support:support-core-ui:27.0.2] AndroidManifest.xml:17:1-22:12
MERGED from [com.android.support:support-core-utils:27.0.2] AndroidManifest.xml:17:1-22:12
MERGED from [com.android.support:support-vector-drawable:27.0.2] AndroidManifest.xml:17:1-22:12
MERGED from [com.android.support:transition:27.0.2] AndroidManifest.xml:17:1-22:12
MERGED from [com.android.support:support-media-compat:27.0.2] AndroidManifest.xml:17:1-22:12
MERGED from [com.android.support:support-compat:27.0.2] AndroidManifest.xml:17:1-22:12
MERGED from [com.google.firebase:firebase-auth-license:11.6.0] AndroidManifest.xml:2:1-6:12
MERGED from [me.saket:better-link-movement-method:1.2] AndroidManifest.xml:2:1-12:12
MERGED from [com.midtrans:issuetracker:1.11.0] AndroidManifest.xml:2:1-11:12
MERGED from [com.koushikdutta.ion:ion:2.2.1] AndroidManifest.xml:2:1-16:12
MERGED from [com.google.firebase:firebase-analytics-license:11.6.0] AndroidManifest.xml:2:1-6:12
MERGED from [com.google.android.gms:play-services-base-license:11.6.0] AndroidManifest.xml:2:1-6:12
MERGED from [com.google.android.gms:play-services-basement-license:11.6.0] AndroidManifest.xml:2:1-6:12
MERGED from [com.google.firebase:firebase-common-license:11.6.0] AndroidManifest.xml:2:1-6:12
MERGED from [com.google.android.gms:play-services-tasks-license:11.6.0] AndroidManifest.xml:2:1-6:12
MERGED from [com.koushikdutta.async:androidasync:2.2.1] AndroidManifest.xml:2:1-16:12
MERGED from [com.github.scottyab:secure-preferences:v0.1.6] AndroidManifest.xml:2:1-14:12
MERGED from [com.google.firebase:firebase-analytics-impl-license:11.6.0] AndroidManifest.xml:2:1-6:12
MERGED from [com.scottyab:aes-crypto:0.0.5] AndroidManifest.xml:2:1-12:12
MERGED from [com.google.firebase:firebase-iid-license:11.6.0] AndroidManifest.xml:2:1-6:12
MERGED from [android.arch.lifecycle:runtime:1.0.3] AndroidManifest.xml:17:1-24:12
INJECTED from src/main/AndroidManifest.xml:2:1-62:12
INJECTED from src/main/AndroidManifest.xml:2:1-62:12
INJECTED from src/main/AndroidManifest.xml:2:1-62:12
	package
		ADDED from src/main/AndroidManifest.xml:4:5-34
		INJECTED from src/main/AndroidManifest.xml
		INJECTED from src/main/AndroidManifest.xml
	android:versionName
		INJECTED from src/main/AndroidManifest.xml
		ADDED from src/main/AndroidManifest.xml:2:1-62:12
		INJECTED from src/main/AndroidManifest.xml
	xmlns:tools
		ADDED from src/main/AndroidManifest.xml:3:5-51
	android:versionCode
		INJECTED from src/main/AndroidManifest.xml
		ADDED from src/main/AndroidManifest.xml:2:1-62:12
		INJECTED from src/main/AndroidManifest.xml
	xmlns:android
		ADDED from src/main/AndroidManifest.xml:2:11-69
uses-permission#android.permission.INTERNET
ADDED from src/main/AndroidManifest.xml:6:5-67
MERGED from [com.midtrans:corekit:1.17.1-SANDBOX] AndroidManifest.xml:12:5-67
MERGED from [com.midtrans:corekit:1.17.1-SANDBOX] AndroidManifest.xml:12:5-67
MERGED from [com.google.firebase:firebase-analytics:11.6.0] AndroidManifest.xml:20:5-66
MERGED from [com.google.firebase:firebase-analytics:11.6.0] AndroidManifest.xml:20:5-66
MERGED from [com.google.firebase:firebase-analytics-impl:11.6.0] AndroidManifest.xml:20:5-66
MERGED from [com.google.firebase:firebase-analytics-impl:11.6.0] AndroidManifest.xml:20:5-66
MERGED from [com.google.firebase:firebase-iid:11.6.0] AndroidManifest.xml:20:5-66
MERGED from [com.google.firebase:firebase-iid:11.6.0] AndroidManifest.xml:20:5-66
MERGED from [com.koushikdutta.ion:ion:2.2.1] AndroidManifest.xml:11:5-67
MERGED from [com.koushikdutta.ion:ion:2.2.1] AndroidManifest.xml:11:5-67
MERGED from [com.koushikdutta.async:androidasync:2.2.1] AndroidManifest.xml:11:5-67
MERGED from [com.koushikdutta.async:androidasync:2.2.1] AndroidManifest.xml:11:5-67
	android:name
		ADDED from src/main/AndroidManifest.xml:6:22-64
uses-permission#android.permission.CAMERA
ADDED from src/main/AndroidManifest.xml:7:5-65
MERGED from [com.journeyapps:zxing-android-embedded:3.6.0] AndroidManifest.xml:22:5-65
MERGED from [com.journeyapps:zxing-android-embedded:3.6.0] AndroidManifest.xml:22:5-65
	android:name
		ADDED from src/main/AndroidManifest.xml:7:22-62
uses-permission#android.permission.WRITE_EXTERNAL_STORAGE
ADDED from src/main/AndroidManifest.xml:8:5-81
MERGED from [gun0912.ted:tedbottompicker:1.1.0] AndroidManifest.xml:11:5-81
MERGED from [gun0912.ted:tedbottompicker:1.1.0] AndroidManifest.xml:11:5-81
	android:name
		ADDED from src/main/AndroidManifest.xml:8:22-78
application
ADDED from src/main/AndroidManifest.xml:10:5-60:19
MERGED from [com.google.firebase:firebase-core:11.6.0] AndroidManifest.xml:5:5-20
MERGED from [com.google.firebase:firebase-core:11.6.0] AndroidManifest.xml:5:5-20
MERGED from [com.midtrans:uikit:1.17.1-SANDBOX] AndroidManifest.xml:13:5-250:19
MERGED from [com.midtrans:uikit:1.17.1-SANDBOX] AndroidManifest.xml:13:5-250:19
MERGED from [gun0912.ted:tedbottompicker:1.1.0] AndroidManifest.xml:13:5-23:19
MERGED from [gun0912.ted:tedbottompicker:1.1.0] AndroidManifest.xml:13:5-23:19
MERGED from [com.github.stfalcon:smsverifycatcher:0.3.1] AndroidManifest.xml:11:5-15:19
MERGED from [com.github.stfalcon:smsverifycatcher:0.3.1] AndroidManifest.xml:11:5-15:19
MERGED from [com.midtrans:corekit:1.17.1-SANDBOX] AndroidManifest.xml:14:5-17:19
MERGED from [com.midtrans:corekit:1.17.1-SANDBOX] AndroidManifest.xml:14:5-17:19
MERGED from [com.midtrans:analytics:1.3.7-SANDBOX] AndroidManifest.xml:11:5-15:19
MERGED from [com.midtrans:analytics:1.3.7-SANDBOX] AndroidManifest.xml:11:5-15:19
MERGED from [com.google.firebase:firebase-auth:11.6.0] AndroidManifest.xml:19:5-20:19
MERGED from [com.google.firebase:firebase-auth:11.6.0] AndroidManifest.xml:19:5-20:19
MERGED from [com.google.firebase:firebase-analytics:11.6.0] AndroidManifest.xml:24:5-34:19
MERGED from [com.google.firebase:firebase-analytics:11.6.0] AndroidManifest.xml:24:5-34:19
MERGED from [com.google.android.gms:play-services-base:11.6.0] AndroidManifest.xml:18:5-20:19
MERGED from [com.google.android.gms:play-services-base:11.6.0] AndroidManifest.xml:18:5-20:19
MERGED from [com.google.firebase:firebase-analytics-impl:11.6.0] AndroidManifest.xml:24:5-28:19
MERGED from [com.google.firebase:firebase-analytics-impl:11.6.0] AndroidManifest.xml:24:5-28:19
MERGED from [com.google.firebase:firebase-iid:11.6.0] AndroidManifest.xml:29:5-46:19
MERGED from [com.google.firebase:firebase-iid:11.6.0] AndroidManifest.xml:29:5-46:19
MERGED from [com.google.firebase:firebase-common:11.6.0] AndroidManifest.xml:4:5-7:19
MERGED from [com.google.firebase:firebase-common:11.6.0] AndroidManifest.xml:4:5-7:19
MERGED from [com.google.android.gms:play-services-tasks:11.6.0] AndroidManifest.xml:4:5-19
MERGED from [com.google.android.gms:play-services-tasks:11.6.0] AndroidManifest.xml:4:5-19
MERGED from [com.google.android.gms:play-services-basement:11.6.0] AndroidManifest.xml:19:5-21:19
MERGED from [com.google.android.gms:play-services-basement:11.6.0] AndroidManifest.xml:19:5-21:19
MERGED from [com.journeyapps:zxing-android-embedded:3.6.0] AndroidManifest.xml:46:5-54:19
MERGED from [com.journeyapps:zxing-android-embedded:3.6.0] AndroidManifest.xml:46:5-54:19
MERGED from [com.android.support.constraint:constraint-layout:1.1.0] AndroidManifest.xml:9:5-20
MERGED from [com.android.support.constraint:constraint-layout:1.1.0] AndroidManifest.xml:9:5-20
MERGED from [ru.rambler.android:swipe-layout:1.0.14] AndroidManifest.xml:12:5-14:47
MERGED from [ru.rambler.android:swipe-layout:1.0.14] AndroidManifest.xml:12:5-14:47
MERGED from [com.google.firebase:firebase-auth-license:11.6.0] AndroidManifest.xml:5:5-20
MERGED from [com.google.firebase:firebase-auth-license:11.6.0] AndroidManifest.xml:5:5-20
MERGED from [com.koushikdutta.ion:ion:2.2.1] AndroidManifest.xml:13:5-14:19
MERGED from [com.koushikdutta.ion:ion:2.2.1] AndroidManifest.xml:13:5-14:19
MERGED from [com.google.firebase:firebase-analytics-license:11.6.0] AndroidManifest.xml:5:5-20
MERGED from [com.google.firebase:firebase-analytics-license:11.6.0] AndroidManifest.xml:5:5-20
MERGED from [com.google.android.gms:play-services-base-license:11.6.0] AndroidManifest.xml:5:5-20
MERGED from [com.google.android.gms:play-services-base-license:11.6.0] AndroidManifest.xml:5:5-20
MERGED from [com.google.android.gms:play-services-basement-license:11.6.0] AndroidManifest.xml:5:5-20
MERGED from [com.google.android.gms:play-services-basement-license:11.6.0] AndroidManifest.xml:5:5-20
MERGED from [com.google.firebase:firebase-common-license:11.6.0] AndroidManifest.xml:5:5-20
MERGED from [com.google.firebase:firebase-common-license:11.6.0] AndroidManifest.xml:5:5-20
MERGED from [com.google.android.gms:play-services-tasks-license:11.6.0] AndroidManifest.xml:5:5-20
MERGED from [com.google.android.gms:play-services-tasks-license:11.6.0] AndroidManifest.xml:5:5-20
MERGED from [com.koushikdutta.async:androidasync:2.2.1] AndroidManifest.xml:13:5-14:19
MERGED from [com.koushikdutta.async:androidasync:2.2.1] AndroidManifest.xml:13:5-14:19
MERGED from [com.github.scottyab:secure-preferences:v0.1.6] AndroidManifest.xml:11:5-12:19
MERGED from [com.github.scottyab:secure-preferences:v0.1.6] AndroidManifest.xml:11:5-12:19
MERGED from [com.google.firebase:firebase-analytics-impl-license:11.6.0] AndroidManifest.xml:5:5-20
MERGED from [com.google.firebase:firebase-analytics-impl-license:11.6.0] AndroidManifest.xml:5:5-20
MERGED from [com.scottyab:aes-crypto:0.0.5] AndroidManifest.xml:10:5-20
MERGED from [com.scottyab:aes-crypto:0.0.5] AndroidManifest.xml:10:5-20
MERGED from [com.google.firebase:firebase-iid-license:11.6.0] AndroidManifest.xml:5:5-20
MERGED from [com.google.firebase:firebase-iid-license:11.6.0] AndroidManifest.xml:5:5-20
	android:supportsRtl
		ADDED from [com.github.stfalcon:smsverifycatcher:0.3.1] AndroidManifest.xml:14:9-35
	android:label
		ADDED from src/main/AndroidManifest.xml:13:9-41
	android:hardwareAccelerated
		ADDED from src/main/AndroidManifest.xml:11:9-43
	android:roundIcon
		ADDED from src/main/AndroidManifest.xml:14:9-54
	android:allowBackup
		ADDED from [com.midtrans:uikit:1.17.1-SANDBOX] AndroidManifest.xml:14:9-36
		REJECTED from [com.github.stfalcon:smsverifycatcher:0.3.1] AndroidManifest.xml:12:9-35
		REJECTED from [com.midtrans:corekit:1.17.1-SANDBOX] AndroidManifest.xml:15:9-36
		REJECTED from [com.midtrans:analytics:1.3.7-SANDBOX] AndroidManifest.xml:12:9-35
	android:icon
		ADDED from src/main/AndroidManifest.xml:12:9-43
	android:theme
		ADDED from src/main/AndroidManifest.xml:15:9-52
	tools:replace
		ADDED from [com.midtrans:uikit:1.17.1-SANDBOX] AndroidManifest.xml:15:9-44
activity#com.journeyapps.barcodescanner.CaptureActivity
ADDED from src/main/AndroidManifest.xml:16:9-19:49
MERGED from [com.journeyapps:zxing-android-embedded:3.6.0] AndroidManifest.xml:47:9-53:63
MERGED from [com.journeyapps:zxing-android-embedded:3.6.0] AndroidManifest.xml:47:9-53:63
	android:clearTaskOnLaunch
		ADDED from [com.journeyapps:zxing-android-embedded:3.6.0] AndroidManifest.xml:49:13-45
	android:screenOrientation
		ADDED from src/main/AndroidManifest.xml:18:13-49
		REJECTED from [com.journeyapps:zxing-android-embedded:3.6.0] AndroidManifest.xml:50:13-56
	android:stateNotNeeded
		ADDED from [com.journeyapps:zxing-android-embedded:3.6.0] AndroidManifest.xml:51:13-42
	android:windowSoftInputMode
		ADDED from [com.journeyapps:zxing-android-embedded:3.6.0] AndroidManifest.xml:53:13-60
	android:theme
		ADDED from [com.journeyapps:zxing-android-embedded:3.6.0] AndroidManifest.xml:52:13-54
	tools:replace
		ADDED from src/main/AndroidManifest.xml:19:13-46
	android:name
		ADDED from src/main/AndroidManifest.xml:17:13-74
activity#id.notation.kosanku.MainActivity
ADDED from src/main/AndroidManifest.xml:20:9-23:59
	android:label
		ADDED from src/main/AndroidManifest.xml:22:13-45
	android:theme
		ADDED from src/main/AndroidManifest.xml:23:13-56
	android:name
		ADDED from src/main/AndroidManifest.xml:21:13-41
activity#id.notation.kosanku.LoginActivity
ADDED from src/main/AndroidManifest.xml:25:9-27:59
	android:theme
		ADDED from src/main/AndroidManifest.xml:27:13-56
	android:name
		ADDED from src/main/AndroidManifest.xml:26:13-42
activity#id.notation.kosanku.SplashActivity
ADDED from src/main/AndroidManifest.xml:28:9-36:20
	android:theme
		ADDED from src/main/AndroidManifest.xml:30:13-56
	android:name
		ADDED from src/main/AndroidManifest.xml:29:13-43
intent-filter#action:name:android.intent.action.MAIN+category:name:android.intent.category.LAUNCHER
ADDED from src/main/AndroidManifest.xml:31:13-35:29
action#android.intent.action.MAIN
ADDED from src/main/AndroidManifest.xml:32:17-69
	android:name
		ADDED from src/main/AndroidManifest.xml:32:25-66
category#android.intent.category.LAUNCHER
ADDED from src/main/AndroidManifest.xml:34:17-77
	android:name
		ADDED from src/main/AndroidManifest.xml:34:27-74
activity#id.notation.kosanku.RegisterActivity
ADDED from src/main/AndroidManifest.xml:37:9-54
	android:name
		ADDED from src/main/AndroidManifest.xml:37:19-51
activity#id.notation.kosanku.indekos.FormIndekosActivity
ADDED from src/main/AndroidManifest.xml:38:9-39:46
	android:theme
		ADDED from src/main/AndroidManifest.xml:39:13-44
	android:name
		ADDED from src/main/AndroidManifest.xml:38:19-62
activity#id.notation.kosanku.indekos.IndekosDetailActivity
ADDED from src/main/AndroidManifest.xml:40:9-41:46
	android:theme
		ADDED from src/main/AndroidManifest.xml:41:13-44
	android:name
		ADDED from src/main/AndroidManifest.xml:40:19-64
activity#id.notation.kosanku.kamarkos.FormKamarkosActivity
ADDED from src/main/AndroidManifest.xml:42:9-43:46
	android:theme
		ADDED from src/main/AndroidManifest.xml:43:13-44
	android:name
		ADDED from src/main/AndroidManifest.xml:42:19-64
activity#id.notation.kosanku.kamarkos.KamarKosDetailActivity
ADDED from src/main/AndroidManifest.xml:44:9-45:46
	android:theme
		ADDED from src/main/AndroidManifest.xml:45:13-44
	android:name
		ADDED from src/main/AndroidManifest.xml:44:19-66
activity#id.notation.kosanku.kamarkos.KamarKosQRActivity
ADDED from src/main/AndroidManifest.xml:46:9-49:20
	android:theme
		ADDED from src/main/AndroidManifest.xml:47:13-44
	android:name
		ADDED from src/main/AndroidManifest.xml:46:19-62
activity#id.notation.kosanku.PaymentActivity
ADDED from src/main/AndroidManifest.xml:50:9-54:20
	android:theme
		ADDED from src/main/AndroidManifest.xml:52:13-53
	android:name
		ADDED from src/main/AndroidManifest.xml:51:13-44
activity#id.notation.kosanku.kamarkos.KamarKosScanQRActivity
ADDED from src/main/AndroidManifest.xml:57:9-59:20
	android:name
		ADDED from src/main/AndroidManifest.xml:57:19-66
uses-sdk
INJECTED from src/main/AndroidManifest.xml reason: use-sdk injection requested
INJECTED from src/main/AndroidManifest.xml
INJECTED from src/main/AndroidManifest.xml
MERGED from [com.google.firebase:firebase-core:11.6.0] AndroidManifest.xml:4:5-43
MERGED from [com.google.firebase:firebase-core:11.6.0] AndroidManifest.xml:4:5-43
MERGED from [com.midtrans:uikit:1.17.1-SANDBOX] AndroidManifest.xml:8:5-11:115
MERGED from [com.midtrans:uikit:1.17.1-SANDBOX] AndroidManifest.xml:8:5-11:115
MERGED from [gun0912.ted:tedbottompicker:1.1.0] AndroidManifest.xml:7:5-9:41
MERGED from [gun0912.ted:tedbottompicker:1.1.0] AndroidManifest.xml:7:5-9:41
MERGED from [com.github.stfalcon:smsverifycatcher:0.3.1] AndroidManifest.xml:7:5-9:41
MERGED from [com.github.stfalcon:smsverifycatcher:0.3.1] AndroidManifest.xml:7:5-9:41
MERGED from [com.midtrans:corekit:1.17.1-SANDBOX] AndroidManifest.xml:7:5-9:41
MERGED from [com.midtrans:corekit:1.17.1-SANDBOX] AndroidManifest.xml:7:5-9:41
MERGED from [com.midtrans:analytics:1.3.7-SANDBOX] AndroidManifest.xml:7:5-9:41
MERGED from [com.midtrans:analytics:1.3.7-SANDBOX] AndroidManifest.xml:7:5-9:41
MERGED from [com.android.support:design:27.0.2] AndroidManifest.xml:20:5-44
MERGED from [com.android.support:design:27.0.2] AndroidManifest.xml:20:5-44
MERGED from [com.android.support:appcompat-v7:27.0.2] AndroidManifest.xml:20:5-44
MERGED from [com.android.support:appcompat-v7:27.0.2] AndroidManifest.xml:20:5-44
MERGED from [com.google.firebase:firebase-auth:11.6.0] AndroidManifest.xml:17:5-43
MERGED from [com.google.firebase:firebase-auth:11.6.0] AndroidManifest.xml:17:5-43
MERGED from [com.google.firebase:firebase-analytics:11.6.0] AndroidManifest.xml:17:5-43
MERGED from [com.google.firebase:firebase-analytics:11.6.0] AndroidManifest.xml:17:5-43
MERGED from [com.google.android.gms:play-services-base:11.6.0] AndroidManifest.xml:17:5-43
MERGED from [com.google.android.gms:play-services-base:11.6.0] AndroidManifest.xml:17:5-43
MERGED from [com.google.firebase:firebase-analytics-impl:11.6.0] AndroidManifest.xml:17:5-43
MERGED from [com.google.firebase:firebase-analytics-impl:11.6.0] AndroidManifest.xml:17:5-43
MERGED from [com.google.firebase:firebase-iid:11.6.0] AndroidManifest.xml:17:5-43
MERGED from [com.google.firebase:firebase-iid:11.6.0] AndroidManifest.xml:17:5-43
MERGED from [com.google.firebase:firebase-common:11.6.0] AndroidManifest.xml:3:5-43
MERGED from [com.google.firebase:firebase-common:11.6.0] AndroidManifest.xml:3:5-43
MERGED from [com.google.android.gms:play-services-tasks:11.6.0] AndroidManifest.xml:3:5-43
MERGED from [com.google.android.gms:play-services-tasks:11.6.0] AndroidManifest.xml:3:5-43
MERGED from [com.google.android.gms:play-services-basement:11.6.0] AndroidManifest.xml:17:5-43
MERGED from [com.google.android.gms:play-services-basement:11.6.0] AndroidManifest.xml:17:5-43
MERGED from [com.journeyapps:zxing-android-embedded:3.6.0] AndroidManifest.xml:20:5-44
MERGED from [com.journeyapps:zxing-android-embedded:3.6.0] AndroidManifest.xml:20:5-44
MERGED from [com.android.support:support-v4:27.0.2] AndroidManifest.xml:20:5-44
MERGED from [com.android.support:support-v4:27.0.2] AndroidManifest.xml:20:5-44
MERGED from [com.android.support:cardview-v7:27.0.2] AndroidManifest.xml:20:5-44
MERGED from [com.android.support:cardview-v7:27.0.2] AndroidManifest.xml:20:5-44
MERGED from [com.android.support.constraint:constraint-layout:1.1.0] AndroidManifest.xml:5:5-7:41
MERGED from [com.android.support.constraint:constraint-layout:1.1.0] AndroidManifest.xml:5:5-7:41
MERGED from [com.android.support:recyclerview-v7:27.0.2] AndroidManifest.xml:20:5-44
MERGED from [com.android.support:recyclerview-v7:27.0.2] AndroidManifest.xml:20:5-44
MERGED from [ru.rambler.android:swipe-layout:1.0.14] AndroidManifest.xml:8:5-10:41
MERGED from [ru.rambler.android:swipe-layout:1.0.14] AndroidManifest.xml:8:5-10:41
MERGED from [com.android.support:support-fragment:27.0.2] AndroidManifest.xml:20:5-44
MERGED from [com.android.support:support-fragment:27.0.2] AndroidManifest.xml:20:5-44
MERGED from [com.android.support:animated-vector-drawable:27.0.2] AndroidManifest.xml:20:5-44
MERGED from [com.android.support:animated-vector-drawable:27.0.2] AndroidManifest.xml:20:5-44
MERGED from [com.android.support:support-core-ui:27.0.2] AndroidManifest.xml:20:5-44
MERGED from [com.android.support:support-core-ui:27.0.2] AndroidManifest.xml:20:5-44
MERGED from [com.android.support:support-core-utils:27.0.2] AndroidManifest.xml:20:5-44
MERGED from [com.android.support:support-core-utils:27.0.2] AndroidManifest.xml:20:5-44
MERGED from [com.android.support:support-vector-drawable:27.0.2] AndroidManifest.xml:20:5-44
MERGED from [com.android.support:support-vector-drawable:27.0.2] AndroidManifest.xml:20:5-44
MERGED from [com.android.support:transition:27.0.2] AndroidManifest.xml:20:5-44
MERGED from [com.android.support:transition:27.0.2] AndroidManifest.xml:20:5-44
MERGED from [com.android.support:support-media-compat:27.0.2] AndroidManifest.xml:20:5-44
MERGED from [com.android.support:support-media-compat:27.0.2] AndroidManifest.xml:20:5-44
MERGED from [com.android.support:support-compat:27.0.2] AndroidManifest.xml:20:5-44
MERGED from [com.android.support:support-compat:27.0.2] AndroidManifest.xml:20:5-44
MERGED from [com.google.firebase:firebase-auth-license:11.6.0] AndroidManifest.xml:4:5-43
MERGED from [com.google.firebase:firebase-auth-license:11.6.0] AndroidManifest.xml:4:5-43
MERGED from [me.saket:better-link-movement-method:1.2] AndroidManifest.xml:8:5-10:41
MERGED from [me.saket:better-link-movement-method:1.2] AndroidManifest.xml:8:5-10:41
MERGED from [com.midtrans:issuetracker:1.11.0] AndroidManifest.xml:7:5-9:41
MERGED from [com.midtrans:issuetracker:1.11.0] AndroidManifest.xml:7:5-9:41
MERGED from [com.koushikdutta.ion:ion:2.2.1] AndroidManifest.xml:7:5-9:41
MERGED from [com.koushikdutta.ion:ion:2.2.1] AndroidManifest.xml:7:5-9:41
MERGED from [com.google.firebase:firebase-analytics-license:11.6.0] AndroidManifest.xml:4:5-43
MERGED from [com.google.firebase:firebase-analytics-license:11.6.0] AndroidManifest.xml:4:5-43
MERGED from [com.google.android.gms:play-services-base-license:11.6.0] AndroidManifest.xml:4:5-43
MERGED from [com.google.android.gms:play-services-base-license:11.6.0] AndroidManifest.xml:4:5-43
MERGED from [com.google.android.gms:play-services-basement-license:11.6.0] AndroidManifest.xml:4:5-43
MERGED from [com.google.android.gms:play-services-basement-license:11.6.0] AndroidManifest.xml:4:5-43
MERGED from [com.google.firebase:firebase-common-license:11.6.0] AndroidManifest.xml:4:5-43
MERGED from [com.google.firebase:firebase-common-license:11.6.0] AndroidManifest.xml:4:5-43
MERGED from [com.google.android.gms:play-services-tasks-license:11.6.0] AndroidManifest.xml:4:5-43
MERGED from [com.google.android.gms:play-services-tasks-license:11.6.0] AndroidManifest.xml:4:5-43
MERGED from [com.koushikdutta.async:androidasync:2.2.1] AndroidManifest.xml:7:5-9:41
MERGED from [com.koushikdutta.async:androidasync:2.2.1] AndroidManifest.xml:7:5-9:41
MERGED from [com.github.scottyab:secure-preferences:v0.1.6] AndroidManifest.xml:7:5-9:41
MERGED from [com.github.scottyab:secure-preferences:v0.1.6] AndroidManifest.xml:7:5-9:41
MERGED from [com.google.firebase:firebase-analytics-impl-license:11.6.0] AndroidManifest.xml:4:5-43
MERGED from [com.google.firebase:firebase-analytics-impl-license:11.6.0] AndroidManifest.xml:4:5-43
MERGED from [com.scottyab:aes-crypto:0.0.5] AndroidManifest.xml:6:5-8:41
MERGED from [com.scottyab:aes-crypto:0.0.5] AndroidManifest.xml:6:5-8:41
MERGED from [com.google.firebase:firebase-iid-license:11.6.0] AndroidManifest.xml:4:5-43
MERGED from [com.google.firebase:firebase-iid-license:11.6.0] AndroidManifest.xml:4:5-43
MERGED from [android.arch.lifecycle:runtime:1.0.3] AndroidManifest.xml:20:5-22:41
MERGED from [android.arch.lifecycle:runtime:1.0.3] AndroidManifest.xml:20:5-22:41
INJECTED from src/main/AndroidManifest.xml
INJECTED from src/main/AndroidManifest.xml
	tools:overrideLibrary
		ADDED from [com.midtrans:uikit:1.17.1-SANDBOX] AndroidManifest.xml:11:9-112
	android:targetSdkVersion
		INJECTED from src/main/AndroidManifest.xml
		ADDED from src/main/AndroidManifest.xml
		INJECTED from src/main/AndroidManifest.xml
	android:minSdkVersion
		INJECTED from src/main/AndroidManifest.xml
		ADDED from src/main/AndroidManifest.xml
		INJECTED from src/main/AndroidManifest.xml
activity#com.midtrans.sdk.uikit.activities.UserDetailsActivity
ADDED from [com.midtrans:uikit:1.17.1-SANDBOX] AndroidManifest.xml:16:9-19:67
	android:screenOrientation
		ADDED from [com.midtrans:uikit:1.17.1-SANDBOX] AndroidManifest.xml:18:13-49
	android:windowSoftInputMode
		ADDED from [com.midtrans:uikit:1.17.1-SANDBOX] AndroidManifest.xml:19:13-64
	android:name
		ADDED from [com.midtrans:uikit:1.17.1-SANDBOX] AndroidManifest.xml:17:13-81
activity#com.midtrans.sdk.uikit.activities.PaymentMethodsActivity
ADDED from [com.midtrans:uikit:1.17.1-SANDBOX] AndroidManifest.xml:20:9-23:52
	android:screenOrientation
		ADDED from [com.midtrans:uikit:1.17.1-SANDBOX] AndroidManifest.xml:23:13-49
	android:configChanges
		ADDED from [com.midtrans:uikit:1.17.1-SANDBOX] AndroidManifest.xml:22:13-74
	android:name
		ADDED from [com.midtrans:uikit:1.17.1-SANDBOX] AndroidManifest.xml:21:13-84
activity#com.midtrans.sdk.uikit.activities.BankTransferActivity
ADDED from [com.midtrans:uikit:1.17.1-SANDBOX] AndroidManifest.xml:24:9-27:52
	android:screenOrientation
		ADDED from [com.midtrans:uikit:1.17.1-SANDBOX] AndroidManifest.xml:27:13-49
	android:configChanges
		ADDED from [com.midtrans:uikit:1.17.1-SANDBOX] AndroidManifest.xml:26:13-74
	android:name
		ADDED from [com.midtrans:uikit:1.17.1-SANDBOX] AndroidManifest.xml:25:13-82
activity#com.midtrans.sdk.uikit.activities.BankTransferInstructionActivity
ADDED from [com.midtrans:uikit:1.17.1-SANDBOX] AndroidManifest.xml:28:9-31:52
	android:screenOrientation
		ADDED from [com.midtrans:uikit:1.17.1-SANDBOX] AndroidManifest.xml:31:13-49
	android:configChanges
		ADDED from [com.midtrans:uikit:1.17.1-SANDBOX] AndroidManifest.xml:30:13-74
	android:name
		ADDED from [com.midtrans:uikit:1.17.1-SANDBOX] AndroidManifest.xml:29:13-93
activity#com.midtrans.sdk.uikit.activities.PaymentWebActivity
ADDED from [com.midtrans:uikit:1.17.1-SANDBOX] AndroidManifest.xml:32:9-35:52
	android:screenOrientation
		ADDED from [com.midtrans:uikit:1.17.1-SANDBOX] AndroidManifest.xml:35:13-49
	android:configChanges
		ADDED from [com.midtrans:uikit:1.17.1-SANDBOX] AndroidManifest.xml:34:13-74
	android:name
		ADDED from [com.midtrans:uikit:1.17.1-SANDBOX] AndroidManifest.xml:33:13-80
activity#com.midtrans.sdk.uikit.activities.MandiriClickPayActivity
ADDED from [com.midtrans:uikit:1.17.1-SANDBOX] AndroidManifest.xml:36:9-40:67
	android:screenOrientation
		ADDED from [com.midtrans:uikit:1.17.1-SANDBOX] AndroidManifest.xml:39:13-49
	android:windowSoftInputMode
		ADDED from [com.midtrans:uikit:1.17.1-SANDBOX] AndroidManifest.xml:40:13-64
	android:configChanges
		ADDED from [com.midtrans:uikit:1.17.1-SANDBOX] AndroidManifest.xml:38:13-74
	android:name
		ADDED from [com.midtrans:uikit:1.17.1-SANDBOX] AndroidManifest.xml:37:13-85
activity#com.midtrans.sdk.uikit.views.mandiri_clickpay.MandiriClickPayActivity
ADDED from [com.midtrans:uikit:1.17.1-SANDBOX] AndroidManifest.xml:41:9-45:67
	android:screenOrientation
		ADDED from [com.midtrans:uikit:1.17.1-SANDBOX] AndroidManifest.xml:44:13-49
	android:windowSoftInputMode
		ADDED from [com.midtrans:uikit:1.17.1-SANDBOX] AndroidManifest.xml:45:13-64
	android:configChanges
		ADDED from [com.midtrans:uikit:1.17.1-SANDBOX] AndroidManifest.xml:43:13-74
	android:name
		ADDED from [com.midtrans:uikit:1.17.1-SANDBOX] AndroidManifest.xml:42:13-97
activity#com.midtrans.sdk.uikit.activities.EpayBriActivity
ADDED from [com.midtrans:uikit:1.17.1-SANDBOX] AndroidManifest.xml:46:9-49:52
	android:screenOrientation
		ADDED from [com.midtrans:uikit:1.17.1-SANDBOX] AndroidManifest.xml:49:13-49
	android:configChanges
		ADDED from [com.midtrans:uikit:1.17.1-SANDBOX] AndroidManifest.xml:48:13-74
	android:name
		ADDED from [com.midtrans:uikit:1.17.1-SANDBOX] AndroidManifest.xml:47:13-77
activity#com.midtrans.sdk.uikit.views.bri_epay.BriEpayPaymentActivity
ADDED from [com.midtrans:uikit:1.17.1-SANDBOX] AndroidManifest.xml:50:9-53:52
	android:screenOrientation
		ADDED from [com.midtrans:uikit:1.17.1-SANDBOX] AndroidManifest.xml:53:13-49
	android:configChanges
		ADDED from [com.midtrans:uikit:1.17.1-SANDBOX] AndroidManifest.xml:52:13-74
	android:name
		ADDED from [com.midtrans:uikit:1.17.1-SANDBOX] AndroidManifest.xml:51:13-88
activity#com.midtrans.sdk.uikit.activities.CIMBClickPayActivity
ADDED from [com.midtrans:uikit:1.17.1-SANDBOX] AndroidManifest.xml:54:9-57:52
	android:screenOrientation
		ADDED from [com.midtrans:uikit:1.17.1-SANDBOX] AndroidManifest.xml:57:13-49
	android:configChanges
		ADDED from [com.midtrans:uikit:1.17.1-SANDBOX] AndroidManifest.xml:56:13-74
	android:name